mode: set
timecodes/cmd/timecode_parser/timecode_parser.go:27.58,35.2 5 1
timecodes/cmd/timecode_parser/timecode_parser.go:37.57,40.82 2 1
timecodes/cmd/timecode_parser/timecode_parser.go:46.2,46.13 1 1
timecodes/cmd/timecode_parser/timecode_parser.go:40.82,41.38 1 1
timecodes/cmd/timecode_parser/timecode_parser.go:41.38,43.4 1 1
timecodes/cmd/timecode_parser/timecode_parser.go:49.72,50.37 1 1
timecodes/cmd/timecode_parser/timecode_parser.go:54.2,54.34 1 1
timecodes/cmd/timecode_parser/timecode_parser.go:67.2,67.19 1 1
timecodes/cmd/timecode_parser/timecode_parser.go:50.37,52.3 1 1
timecodes/cmd/timecode_parser/timecode_parser.go:54.34,65.3 6 1
timecodes/cmd/timecode_parser/timecode_parser.go:70.46,73.35 2 1
timecodes/cmd/timecode_parser/timecode_parser.go:79.2,83.20 4 1
timecodes/cmd/timecode_parser/timecode_parser.go:73.35,75.3 1 1
timecodes/cmd/timecode_parser/timecode_parser.go:75.8,77.3 1 1
timecodes/cmd/timecode_parser/timecode_parser.go:86.46,90.36 3 1
timecodes/cmd/timecode_parser/timecode_parser.go:96.2,96.16 1 1
timecodes/cmd/timecode_parser/timecode_parser.go:90.36,94.3 3 1
timecodes/cmd/google_api/google_api.go:25.35,27.2 1 1
timecodes/cmd/google_api/google_api.go:29.72,30.27 1 1
timecodes/cmd/google_api/google_api.go:34.2,36.16 3 1
timecodes/cmd/google_api/google_api.go:40.2,42.16 3 1
timecodes/cmd/google_api/google_api.go:46.2,46.29 1 1
timecodes/cmd/google_api/google_api.go:64.2,64.22 1 1
timecodes/cmd/google_api/google_api.go:30.27,32.3 1 1
timecodes/cmd/google_api/google_api.go:36.16,38.3 1 1
timecodes/cmd/google_api/google_api.go:42.16,44.3 1 1
timecodes/cmd/google_api/google_api.go:47.11,50.26 3 1
timecodes/cmd/google_api/google_api.go:54.3,54.17 1 1
timecodes/cmd/google_api/google_api.go:55.10,59.17 4 1
timecodes/cmd/google_api/google_api.go:50.26,52.4 1 0
timecodes/cmd/google_api/google_api.go:59.17,61.4 1 0
timecodes/cmd/timecode_likes_controller.go:11.85,17.16 5 0
timecodes/cmd/timecode_likes_controller.go:22.2,24.16 2 0
timecodes/cmd/timecode_likes_controller.go:17.16,20.3 2 0
timecodes/cmd/timecode_likes_controller.go:24.16,26.3 1 0
timecodes/cmd/timecode_likes_controller.go:26.8,28.3 1 0
timecodes/cmd/timecode_likes_controller.go:32.85,38.16 5 0
timecodes/cmd/timecode_likes_controller.go:43.2,44.16 2 0
timecodes/cmd/timecode_likes_controller.go:38.16,41.3 2 0
timecodes/cmd/timecode_likes_controller.go:44.16,46.3 1 0
timecodes/cmd/timecode_likes_controller.go:46.8,48.3 1 0
timecodes/cmd/db.go:13.25,15.2 1 1
timecodes/cmd/db.go:17.26,19.2 1 1
timecodes/cmd/db.go:21.24,25.16 3 1
timecodes/cmd/db.go:30.2,32.11 2 1
timecodes/cmd/db.go:25.16,28.3 2 0
timecodes/cmd/db.go:35.45,39.16 3 0
timecodes/cmd/db.go:43.2,46.16 3 0
timecodes/cmd/db.go:50.2,50.11 1 0
timecodes/cmd/db.go:39.16,41.3 1 0
timecodes/cmd/db.go:46.16,48.3 1 0
timecodes/cmd/db.go:53.38,56.16 3 0
timecodes/cmd/db.go:60.2,60.11 1 0
timecodes/cmd/db.go:56.16,58.3 1 0
timecodes/cmd/db.go:63.41,65.12 2 0
timecodes/cmd/db.go:68.34,76.2 1 1
timecodes/cmd/timecode_like_repository.go:22.110,28.2 3 1
timecodes/cmd/timecode_like_repository.go:30.110,32.16 2 1
timecodes/cmd/timecode_like_repository.go:36.2,38.26 2 1
timecodes/cmd/timecode_like_repository.go:32.16,34.3 1 1
timecodes/cmd/db_migrations.go:5.33,9.2 3 1
timecodes/cmd/db_migrations.go:11.44,21.2 3 1
timecodes/cmd/db_migrations.go:23.40,25.2 1 1
timecodes/cmd/db_migrations.go:27.48,35.2 4 1
timecodes/cmd/main.go:9.13,14.16 4 0
timecodes/cmd/main.go:18.2,25.28 2 0
timecodes/cmd/main.go:14.16,16.3 1 0
timecodes/cmd/router.go:18.68,20.2 1 0
timecodes/cmd/router.go:22.44,47.2 14 0
timecodes/cmd/router.go:49.55,50.71 1 0
timecodes/cmd/router.go:50.71,53.3 2 0
timecodes/cmd/router.go:56.57,58.2 1 0
timecodes/cmd/router.go:60.44,62.17 2 0
timecodes/cmd/router.go:66.2,66.12 1 0
timecodes/cmd/router.go:62.17,64.3 1 0
timecodes/cmd/timecode_repository.go:31.78,40.2 3 1
timecodes/cmd/timecode_repository.go:42.81,46.2 2 1
timecodes/cmd/timecode_repository.go:48.135,52.39 3 1
timecodes/cmd/timecode_repository.go:69.2,69.20 1 1
timecodes/cmd/timecode_repository.go:52.39,54.29 2 1
timecodes/cmd/timecode_repository.go:58.3,63.17 4 1
timecodes/cmd/timecode_repository.go:66.3,66.44 1 1
timecodes/cmd/timecode_repository.go:54.29,55.12 1 1
timecodes/cmd/timecode_repository.go:63.17,64.12 1 1
timecodes/cmd/timecodes_controller.go:23.79,29.26 4 0
timecodes/cmd/timecodes_controller.go:33.2,34.38 2 0
timecodes/cmd/timecodes_controller.go:38.2,38.51 1 0
timecodes/cmd/timecodes_controller.go:29.26,31.3 1 0
timecodes/cmd/timecodes_controller.go:34.38,36.3 1 0
timecodes/cmd/timecodes_controller.go:42.81,48.16 5 0
timecodes/cmd/timecodes_controller.go:52.2,53.16 2 0
timecodes/cmd/timecodes_controller.go:48.16,51.3 2 0
timecodes/cmd/timecodes_controller.go:53.16,55.3 1 0
timecodes/cmd/timecodes_controller.go:55.8,57.3 1 0
timecodes/cmd/timecodes_controller.go:60.92,62.24 2 0
timecodes/cmd/timecodes_controller.go:66.2,73.3 1 0
timecodes/cmd/timecodes_controller.go:62.24,64.3 1 0
timecodes/cmd/timecodes_controller.go:76.59,77.29 1 0
timecodes/cmd/timecodes_controller.go:83.2,83.14 1 0
timecodes/cmd/timecodes_controller.go:77.29,78.28 1 0
timecodes/cmd/timecodes_controller.go:78.28,80.4 1 0
timecodes/cmd/timecodes_controller.go:86.72,92.35 4 0
timecodes/cmd/timecodes_controller.go:98.2,98.66 1 0
timecodes/cmd/timecodes_controller.go:92.35,96.3 2 0
timecodes/cmd/auth_controller.go:8.58,10.2 1 0
timecodes/cmd/auth_middleware.go:15.72,16.44 1 0
timecodes/cmd/auth_middleware.go:33.2,33.8 1 0
timecodes/cmd/auth_middleware.go:16.44,17.72 1 0
timecodes/cmd/auth_middleware.go:17.72,21.18 3 0
timecodes/cmd/auth_middleware.go:26.4,30.24 4 0
timecodes/cmd/auth_middleware.go:21.18,24.5 2 0
timecodes/cmd/auth_middleware.go:36.54,39.23 2 0
timecodes/cmd/auth_middleware.go:43.2,45.22 2 0
timecodes/cmd/auth_middleware.go:39.23,41.3 1 0
timecodes/cmd/user_repository.go:26.92,34.2 3 1
timecodes/cmd/youtube_api/youtube_api.go:18.30,20.16 2 1
timecodes/cmd/youtube_api/youtube_api.go:24.2,24.46 1 1
timecodes/cmd/youtube_api/youtube_api.go:20.16,22.3 1 1
timecodes/cmd/youtube_api/youtube_api.go:27.64,34.16 3 1
timecodes/cmd/youtube_api/youtube_api.go:40.2,41.21 2 1
timecodes/cmd/youtube_api/youtube_api.go:45.2,45.37 1 1
timecodes/cmd/youtube_api/youtube_api.go:34.16,38.3 2 1
timecodes/cmd/youtube_api/youtube_api.go:41.21,43.3 1 1
timecodes/cmd/youtube_api/youtube_api.go:48.63,59.16 4 1
timecodes/cmd/youtube_api/youtube_api.go:65.2,65.38 1 1
timecodes/cmd/youtube_api/youtube_api.go:69.2,69.21 1 1
timecodes/cmd/youtube_api/youtube_api.go:59.16,63.3 2 1
timecodes/cmd/youtube_api/youtube_api.go:65.38,67.3 1 1
